==2496== Memcheck, a memory error detector
==2496== Copyright (C) 2002-2015, and GNU GPL'd, by Julian Seward et al.
==2496== Using Valgrind-3.11.0 and LibVEX; rerun with -h for copyright info
==2496== Command: ./exec/tp1 -i files/testcases/practice.query -d files/testcases/practice.data -o files/testcases/practice.out
==2496== Parent PID: 2495
==2496== 
==2496== error calling PR_SET_PTRACER, vgdb might block
==2496== 
==2496== HEAP SUMMARY:
==2496==     in use at exit: 72,704 bytes in 1 blocks
==2496==   total heap usage: 1,790 allocs, 1,789 frees, 1,815,415 bytes allocated
==2496== 
==2496== LEAK SUMMARY:
==2496==    definitely lost: 0 bytes in 0 blocks
==2496==    indirectly lost: 0 bytes in 0 blocks
==2496==      possibly lost: 0 bytes in 0 blocks
==2496==    still reachable: 72,704 bytes in 1 blocks
==2496==         suppressed: 0 bytes in 0 blocks
==2496== Reachable blocks (those to which a pointer was found) are not shown.
==2496== To see them, rerun with: --leak-check=full --show-leak-kinds=all
==2496== 
==2496== For counts of detected and suppressed errors, rerun with: -v
==2496== ERROR SUMMARY: 0 errors from 0 contexts (suppressed: 0 from 0)
